Дополнительное задание. "Сообщения по событиям".
Выполнил: Матвеев Никита 3383

Терминал №1 сервер:
nikita@nikita-Nitro-AN515-55:~/OS/lb3$ ./server
Сервер начал свою работу.
Клиент №15440 авторизовался!
Клиент №15440 проверяет связь: ping
Клиент №15449 авторизовался!
Клиент №15449 запросил данные!
Клиент №15457 авторизовался!
Клиент №15457 проверяет связь: ping
Сервер передает сообщение от пользователя: 15457
Клиент №15457 отключился!
Клиент №15472 авторизовался!
Клиент №15472 - ошибка со стороны клиента!
^Cnikita@nikita-Nitro-AN515-55:~/OS/lb3$

Терминал №2 клиент-1:
nikita@nikita-Nitro-AN515-55:~/OS/lb3$ ./client
	 --- 'request' - запрос данных от сервера
	 --- 'ping' - проверка подключения к серверу
	 --- 'hello' - передать сообщение первому клиенту (например первый это админ)
	 --- 'exit' - завершить сеанс
Ответ сервера: Успешная авторизация!
Введите сообщение серверу: ping
Соединение стабильно, ответ сервера:  PONG - соединение корректно!
Введите сообщение серверу: 
Сообщение от клиента: hello from Nikita

Терминал №3 клиент-2:
nikita@nikita-Nitro-AN515-55:~/OS/lb3$ ./client
	 --- 'request' - запрос данных от сервера
	 --- 'ping' - проверка подключения к серверу
	 --- 'hello' - передать сообщение первому клиенту (например первый это админ)
	 --- 'exit' - завершить сеанс
Ответ сервера: Успешная авторизация!
Введите сообщение серверу: request
Сервер выдал данные:  ваши данные....
Введите сообщение серверу: 

Терминал №4 клиент-3:
nikita@nikita-Nitro-AN515-55:~/OS/lb3$ ./client
	 --- 'request' - запрос данных от сервера
	 --- 'ping' - проверка подключения к серверу
	 --- 'hello' - передать сообщение первому клиенту (например первый это админ)
	 --- 'exit' - завершить сеанс
Ответ сервера: Успешная авторизация!
Введите сообщение серверу: ping
Соединение стабильно, ответ сервера:  PONG - соединение корректно!
Введите сообщение серверу: hello
Введите сообщение клиенту: hello from Nikita
Введите сообщение серверу: exit
Завершение клиента pid = 15457

Терминал №5 клиент-4
nikita@nikita-Nitro-AN515-55:~/OS/lb3$ ./client
	 --- 'request' - запрос данных от сервера
	 --- 'ping' - проверка подключения к серверу
	 --- 'hello' - передать сообщение первому клиенту (например первый это админ)
	 --- 'exit' - завершить сеанс
Ответ сервера: Успешная авторизация!
Введите сообщение серверу: ^Cnikita@nikita-Nitro-AN515-55:~/OS/lb3$ 


